[    0.000000] Initializing cgroup subsys cpuset
[    0.000000] Initializing cgroup subsys cpu
[    0.000000] Initializing cgroup subsys cpuacct
[    0.000000] Linux version 4.4.0-140-generic (buildd@lcy01-amd64-006) (gcc version 5.4.0 20160609 (Ubuntu 5.4.0-6ubuntu1~16.04.10) ) #166-Ubuntu SMP Wed Nov 14 20:09:47 UTC 2018 (Ubuntu 4.4.0-140.166-generic 4.4.162)
[    0.000000] Command line: BOOT_IMAGE=/boot/vmlinuz-4.4.0-140-generic root=LABEL=cloudimg-rootfs ro console=tty1 console=ttyS0
[    0.000000] KERNEL supported cpus:
[    0.000000]   Intel GenuineIntel
[    0.000000]   AMD AuthenticAMD
[    0.000000]   Centaur CentaurHauls
[    0.000000] ------------[ cut here ]------------
[    0.000000] WARNING: CPU: 0 PID: 0 at /build/linux-wWyv2Z/linux-4.4.0/arch/x86/kernel/fpu/xstate.c:517 fpu__init_system_xstate+0x37e/0x764()
[    0.000000] XSAVE consistency problem, dumping leaves
[    0.000000] Modules linked in:
[    0.000000] CPU: 0 PID: 0 Comm: swapper Not tainted 4.4.0-140-generic #166-Ubuntu
[    0.000000]  0000000000000086 873cd39598442214 ffffffff81e03d70 ffffffff814055d3
[    0.000000]  ffffffff81e03db8 ffffffff81cad750 ffffffff81e03da8 ffffffff810850d2
[    0.000000]  0000000000000008 0000000000000340 0000000000000100 ffffffff81e03e3c
[    0.000000] Call Trace:
[    0.000000]  [<ffffffff814055d3>] dump_stack+0x63/0x90
[    0.000000]  [<ffffffff810850d2>] warn_slowpath_common+0x82/0xc0
[    0.000000]  [<ffffffff8108516c>] warn_slowpath_fmt+0x5c/0x80
[    0.000000]  [<ffffffff81080be4>] ? xfeature_size+0x59/0x77
[    0.000000]  [<ffffffff81f731e3>] fpu__init_system_xstate+0x37e/0x764
[    0.000000]  [<ffffffff81f63120>] ? early_idt_handler_array+0x120/0x120
[    0.000000]  [<ffffffff81f72bec>] fpu__init_system+0x1e7/0x28e
[    0.000000]  [<ffffffff81f73dc6>] early_cpu_init+0x210/0x216
[    0.000000]  [<ffffffff81f73dc6>] ? early_cpu_init+0x210/0x216
[    0.000000]  [<ffffffff81f6f19b>] setup_arch+0xc0/0xd1f
[    0.000000]  [<ffffffff81f63120>] ? early_idt_handler_array+0x120/0x120
[    0.000000]  [<ffffffff81f63c75>] start_kernel+0xe2/0x4a4
[    0.000000]  [<ffffffff81f63120>] ? early_idt_handler_array+0x120/0x120
[    0.000000]  [<ffffffff81f63339>] x86_64_start_reservations+0x2a/0x2c
[    0.000000]  [<ffffffff81f63485>] x86_64_start_kernel+0x14a/0x16d
[    0.000000] ---[ end trace 4d5ff9f2f68c4233 ]---
[    0.000000] CPUID[0d, 00]: eax=00000007 ebx=00000440 ecx=00000440 edx=00000000
[    0.000000] CPUID[0d, 01]: eax=00000000 ebx=000003c0 ecx=00000000 edx=00000000
[    0.000000] CPUID[0d, 02]: eax=00000100 ebx=00000240 ecx=00000000 edx=00000000
[    0.000000] CPUID[0d, 03]: eax=00000000 ebx=00000000 ecx=00000000 edx=00000000
[    0.000000] CPUID[0d, 04]: eax=00000000 ebx=00000000 ecx=00000000 edx=00000000
[    0.000000] CPUID[0d, 05]: eax=00000000 ebx=00000000 ecx=00000000 edx=00000000
[    0.000000] CPUID[0d, 06]: eax=00000000 ebx=00000000 ecx=00000000 edx=00000000
[    0.000000] CPUID[0d, 07]: eax=00000000 ebx=00000000 ecx=00000000 edx=00000000
[    0.000000] CPUID[0d, 08]: eax=00000000 ebx=00000000 ecx=00000000 edx=00000000
[    0.000000] CPUID[0d, 09]: eax=00000000 ebx=00000000 ecx=00000000 edx=00000000
[    0.000000] CPUID[0d, 0a]: eax=00000000 ebx=00000000 ecx=00000000 edx=00000000
[    0.000000] CPUID[0d, 0b]: eax=00000000 ebx=00000000 ecx=00000000 edx=00000000
[    0.000000] CPUID[0d, 0c]: eax=00000000 ebx=00000000 ecx=00000000 edx=00000000
[    0.000000] CPUID[0d, 0d]: eax=00000000 ebx=00000000 ecx=00000000 edx=00000000
[    0.000000] CPUID[0d, 0e]: eax=00000000 ebx=00000000 ecx=00000000 edx=00000000
[    0.000000] CPUID[0d, 0f]: eax=00000000 ebx=00000000 ecx=00000000 edx=00000000
[    0.000000] CPUID[0d, 10]: eax=00000000 ebx=00000000 ecx=00000000 edx=00000000
[    0.000000] CPUID[0d, 11]: eax=00000000 ebx=00000000 ecx=00000000 edx=00000000
[    0.000000] x86/fpu: xstate_offset[2]:  576, xstate_sizes[2]:  256
[    0.000000] x86/fpu: Supporting XSAVE feature 0x01: 'x87 floating point registers'
[    0.000000] x86/fpu: Supporting XSAVE feature 0x02: 'SSE registers'
[    0.000000] x86/fpu: Supporting XSAVE feature 0x04: 'AVX registers'
[    0.000000] x86/fpu: Enabled xstate features 0x7, context size is 1088 bytes, using 'standard' format.
[    0.000000] e820: BIOS-provided physical RAM map:
[    0.000000] BIOS-e820: [mem 0x0000000000000000-0x000000000009fbff] usable
[    0.000000] BIOS-e820: [mem 0x000000000009fc00-0x000000000009ffff] reserved
[    0.000000] BIOS-e820: [mem 0x00000000000f0000-0x00000000000fffff] reserved
[    0.000000] BIOS-e820: [mem 0x0000000000100000-0x000000003ffeffff] usable
[    0.000000] BIOS-e820: [mem 0x000000003fff0000-0x000000003fffffff] ACPI data
[    0.000000] BIOS-e820: [mem 0x00000000fec00000-0x00000000fec00fff] reserved
[    0.000000] BIOS-e820: [mem 0x00000000fee00000-0x00000000fee00fff] reserved
[    0.000000] BIOS-e820: [mem 0x00000000fffc0000-0x00000000ffffffff] reserved
[    0.000000] NX (Execute Disable) protection: active
[    0.000000] SMBIOS 2.5 present.
[    0.000000] Hypervisor detected: KVM
[    0.000000] e820: last_pfn = 0x3fff0 max_arch_pfn = 0x400000000
[    0.000000] MTRR: Disabled
[    0.000000] x86/PAT: MTRRs disabled, skipping PAT initialization too.
[    0.000000] CPU MTRRs all blank - virtualized system.
[    0.000000] x86/PAT: Configuration [0-7]: WB  WT  UC- UC  WB  WT  UC- UC  
[    0.000000] found SMP MP-table at [mem 0x0009fff0-0x0009ffff] mapped at [ffff88000009fff0]
[    0.000000] Scanning 1 areas for low memory corruption
[    0.000000] RAMDISK: [mem 0x36306000-0x3717afff]
[    0.000000] ACPI: Early table checksum verification disabled
[    0.000000] ACPI: RSDP 0x00000000000E0000 000024 (v02 VBOX  )
[    0.000000] ACPI: XSDT 0x000000003FFF0030 00003C (v01 VBOX   VBOXXSDT 00000001 ASL  00000061)
[    0.000000] ACPI: FACP 0x000000003FFF00F0 0000F4 (v04 VBOX   VBOXFACP 00000001 ASL  00000061)
[    0.000000] ACPI: DSDT 0x000000003FFF0470 0021FF (v02 VBOX   VBOXBIOS 00000002 INTL 20160831)
[    0.000000] ACPI: FACS 0x000000003FFF0200 000040
[    0.000000] ACPI: FACS 0x000000003FFF0200 000040
[    0.000000] ACPI: APIC 0x000000003FFF0240 00005C (v02 VBOX   VBOXAPIC 00000001 ASL  00000061)
[    0.000000] ACPI: SSDT 0x000000003FFF02A0 0001CC (v01 VBOX   VBOXCPUT 00000002 INTL 20160831)
[    0.000000] No NUMA configuration found
[    0.000000] Faking a node at [mem 0x0000000000000000-0x000000003ffeffff]
[    0.000000] NODE_DATA(0) allocated [mem 0x3ffeb000-0x3ffeffff]
[    0.000000] kvm-clock: Using msrs 4b564d01 and 4b564d00
[    0.000000] kvm-clock: cpu 0, msr 0:3ffe3001, primary cpu clock
[    0.000000] kvm-clock: using sched offset of 3166796208 cycles
[    0.000000] clocksource: kvm-clock: mask: 0xffffffffffffffff max_cycles: 0x1cd42e4dffb, max_idle_ns: 881590591483 ns
[    0.000000] Zone ranges:
[    0.000000]   DMA      [mem 0x0000000000001000-0x0000000000ffffff]
[    0.000000]   DMA32    [mem 0x0000000001000000-0x000000003ffeffff]
[    0.000000]   Normal   empty
[    0.000000]   Device   empty
[    0.000000] Movable zone start for each node
[    0.000000] Early memory node ranges
[    0.000000]   node   0: [mem 0x0000000000001000-0x000000000009efff]
[    0.000000]   node   0: [mem 0x0000000000100000-0x000000003ffeffff]
[    0.000000] Initmem setup node 0 [mem 0x0000000000001000-0x000000003ffeffff]
[    0.000000] ACPI: PM-Timer IO Port: 0x4008
[    0.000000] IOAPIC[0]: apic_id 2, version 32, address 0xfec00000, GSI 0-23
[    0.000000] ACPI: INT_SRC_OVR (bus 0 bus_irq 0 global_irq 2 dfl dfl)
[    0.000000] ACPI: INT_SRC_OVR (bus 0 bus_irq 9 global_irq 9 high level)
[    0.000000] Using ACPI (MADT) for SMP configuration information
[    0.000000] smpboot: Allowing 2 CPUs, 0 hotplug CPUs
[    0.000000] PM: Registered nosave memory: [mem 0x00000000-0x00000fff]
[    0.000000] PM: Registered nosave memory: [mem 0x0009f000-0x0009ffff]
[    0.000000] PM: Registered nosave memory: [mem 0x000a0000-0x000effff]
[    0.000000] PM: Registered nosave memory: [mem 0x000f0000-0x000fffff]
[    0.000000] e820: [mem 0x40000000-0xfebfffff] available for PCI devices
[    0.000000] Booting paravirtualized kernel on KVM
[    0.000000] clocksource: refined-jiffies: mask: 0xffffffff max_cycles: 0xffffffff, max_idle_ns: 7645519600211568 ns
[    0.000000] setup_percpu: NR_CPUS:512 nr_cpumask_bits:512 nr_cpu_ids:2 nr_node_ids:1
[    0.000000] PERCPU: Embedded 34 pages/cpu @ffff88003fc00000 s99608 r8192 d31464 u1048576
[    0.000000] PV qspinlock hash table entries: 256 (order: 0, 4096 bytes)
[    0.000000] Built 1 zonelists in Node order, mobility grouping on.  Total pages: 257912
[    0.000000] Policy zone: DMA32
[    0.000000] Kernel command line: BOOT_IMAGE=/boot/vmlinuz-4.4.0-140-generic root=LABEL=cloudimg-rootfs ro console=tty1 console=ttyS0
[    0.000000] PID hash table entries: 4096 (order: 3, 32768 bytes)
[    0.000000] Memory: 997700K/1048120K available (8564K kernel code, 1314K rwdata, 4008K rodata, 1528K init, 1316K bss, 50420K reserved, 0K cma-reserved)
[    0.000000] SLUB: HWalign=64, Order=0-3, MinObjects=0, CPUs=2, Nodes=1
[    0.000000] Kernel/User page tables isolation: enabled
[    0.000000] Hierarchical RCU implementation.
[    0.000000] 	Build-time adjustment of leaf fanout to 64.
[    0.000000] 	RCU restricting CPUs from NR_CPUS=512 to nr_cpu_ids=2.
[    0.000000] RCU: Adjusting geometry for rcu_fanout_leaf=64, nr_cpu_ids=2
[    0.000000] NR_IRQS:33024 nr_irqs:440 16
[    0.000000] Console: colour VGA+ 80x25
[    0.000000] console [tty1] enabled
[    0.000000] console [ttyS0] enabled
[    0.000000] tsc: Detected 2400.400 MHz processor
[    7.724420] Calibrating delay loop (skipped) preset value.. 4800.80 BogoMIPS (lpj=9601600)
[    7.884971] pid_max: default: 32768 minimum: 301
[    7.953807] ACPI: Core revision 20150930
[    8.000092] ACPI: 2 ACPI AML tables successfully acquired and loaded
[    8.056988] Security Framework initialized
[    8.168891] Yama: becoming mindful.
[    8.225013] AppArmor: AppArmor initialized
[    8.291166] Dentry cache hash table entries: 131072 (order: 8, 1048576 bytes)
[    8.425202] Inode-cache hash table entries: 65536 (order: 7, 524288 bytes)
[    8.469880] Mount-cache hash table entries: 2048 (order: 2, 16384 bytes)
[    8.476462] Mountpoint-cache hash table entries: 2048 (order: 2, 16384 bytes)
[    8.506584] Initializing cgroup subsys io
[    8.571556] Initializing cgroup subsys memory
[    8.672586] Initializing cgroup subsys devices
[    8.734888] Initializing cgroup subsys freezer
[    8.735781] Initializing cgroup subsys net_cls
[    8.785032] Initializing cgroup subsys perf_event
[    8.827699] Initializing cgroup subsys net_prio
[    8.831199] Initializing cgroup subsys hugetlb
[    8.832186] Initializing cgroup subsys pids
[    8.897938] mce: CPU supports 0 MCE banks
[    8.978580] Last level iTLB entries: 4KB 64, 2MB 8, 4MB 8
[    9.081883] Last level dTLB entries: 4KB 64, 2MB 0, 4MB 0, 1GB 4
[    9.161793] Spectre V2 : Mitigation: Full generic retpoline
[    9.172796] Spectre V2 : Spectre v2 mitigation: Speculation control IBPB not-supported IBRS not-supported
[    9.258802] Spectre V2 : Spectre v2 / SpectreRSB mitigation: Filling RSB on context switch
[    9.283368] Speculative Store Bypass: Vulnerable
[    9.331306] Freeing SMP alternatives memory: 32K
[    9.406615] ftrace: allocating 32287 entries in 127 pages
[    9.480416] smpboot: APIC(0) Converting physical 0 to logical package 0
[    9.550160] smpboot: Max logical packages: 1
[    9.596928] x2apic enabled
[    9.653874] Switched APIC routing to physical x2apic.
[    9.756662] ..TIMER: vector=0x30 apic1=0 pin1=2 apic2=-1 pin2=-1
[    9.875883] smpboot: CPU0: Intel(R) Core(TM) i5-6200U CPU @ 2.30GHz (family: 0x6, model: 0x4e, stepping: 0x3)
[    9.890123] Performance Events: unsupported p6 CPU model 78 no PMU driver, software events only.
[    9.892046] KVM setup paravirtual spinlock
[    9.942355] x86: Booting SMP configuration:
[    9.966301] .... node  #0, CPUs:      #1
[   10.032026] kvm-clock: cpu 1, msr 0:3ffe3041, secondary cpu clock
[   10.112118] mce: CPU supports 0 MCE banks
[   10.202567] x86: Booted up 1 node, 2 CPUs
[   10.261269] smpboot: Total of 2 processors activated (9601.60 BogoMIPS)
[   10.269834] devtmpfs: initialized
[   10.278026] evm: security.selinux
[   10.328880] evm: security.SMACK64
[   10.392609] evm: security.SMACK64EXEC
[   10.444383] evm: security.SMACK64TRANSMUTE
[   10.447086] evm: security.SMACK64MMAP
[   10.447901] evm: security.ima
[   10.448617] evm: security.capability
[   10.459953] clocksource: jiffies: mask: 0xffffffff max_cycles: 0xffffffff, max_idle_ns: 7645041785100000 ns
[   10.482110] futex hash table entries: 512 (order: 3, 32768 bytes)
[   10.593020] pinctrl core: initialized pinctrl subsystem
[   10.627725] RTC time: 22:38:43, date: 12/11/18
[   10.634392] NET: Registered protocol family 16
[   10.647983] cpuidle: using governor ladder
[   10.712280] cpuidle: using governor menu
[   10.758974] PCCT header not found.
[   10.767374] ACPI: bus type PCI registered
[   10.810236] acpiphp: ACPI Hot Plug PCI Controller Driver version: 0.5
[   10.824651] PCI: Using configuration type 1 for base access
[   10.880923] ACPI: Added _OSI(Module Device)
[   10.924862] ACPI: Added _OSI(Processor Device)
[   10.928257] ACPI: Added _OSI(3.0 _SCP Extensions)
[   10.929294] ACPI: Added _OSI(Processor Aggregator Device)
[   10.972767] ACPI: Executed 1 blocks of module-level executable AML code
[   11.004298] ACPI: Interpreter enabled
[   11.059425] ACPI: (supports S0 S5)
[   11.065533] ACPI: Using IOAPIC for interrupt routing
[   11.142205] PCI: Using host bridge windows from ACPI; if necessary, use "pci=nocrs" and report a bug
[   11.182219] ACPI: PCI Root Bridge [PCI0] (domain 0000 [bus 00-ff])
[   11.193264] acpi PNP0A03:00: _OSC: OS supports [ASPM ClockPM Segments MSI]
[   11.194521] acpi PNP0A03:00: _OSC: not requesting OS control; OS requires [ExtendedConfig ASPM ClockPM MSI]
[   11.280380] acpi PNP0A03:00: fail to add MMCONFIG information, can't access extended PCI configuration space under this bridge.
[   11.329190] PCI host bridge to bus 0000:00
[   11.338781] pci_bus 0000:00: root bus resource [io  0x0000-0x0cf7 window]
[   11.450317] pci_bus 0000:00: root bus resource [io  0x0d00-0xffff window]
[   11.551184] pci_bus 0000:00: root bus resource [mem 0x000a0000-0x000bffff window]
[   11.661268] pci_bus 0000:00: root bus resource [mem 0x40000000-0xffdfffff window]
[   11.704819] pci_bus 0000:00: root bus resource [bus 00-ff]
[   11.800624] pci 0000:00:01.1: legacy IDE quirk: reg 0x10: [io  0x01f0-0x01f7]
[   11.835232] pci 0000:00:01.1: legacy IDE quirk: reg 0x14: [io  0x03f6]
[   11.843137] pci 0000:00:01.1: legacy IDE quirk: reg 0x18: [io  0x0170-0x0177]
[   11.851213] pci 0000:00:01.1: legacy IDE quirk: reg 0x1c: [io  0x0376]
[   11.869696] pci 0000:00:07.0: quirk: [io  0x4000-0x403f] claimed by PIIX4 ACPI
[   11.982552] pci 0000:00:07.0: quirk: [io  0x4100-0x410f] claimed by PIIX4 SMB
[   12.106835] ACPI: PCI Interrupt Link [LNKA] (IRQs 5 9 10 *11)
[   12.191574] ACPI: PCI Interrupt Link [LNKB] (IRQs 5 9 10 *11)
[   12.207800] ACPI: PCI Interrupt Link [LNKC] (IRQs 5 9 *10 11)
[   12.264372] ACPI: PCI Interrupt Link [LNKD] (IRQs 5 *9 10 11)
[   12.315175] ACPI: Enabled 2 GPEs in block 00 to 07
[   12.389199] vgaarb: setting as boot device: PCI:0000:00:02.0
[   12.402548] vgaarb: device added: PCI:0000:00:02.0,decodes=io+mem,owns=io+mem,locks=none
[   12.409605] vgaarb: loaded
[   12.430103] vgaarb: bridge control possible 0000:00:02.0
[   12.460783] SCSI subsystem initialized
[   12.500974] ACPI: bus type USB registered
[   12.544114] usbcore: registered new interface driver usbfs
[   12.583859] usbcore: registered new interface driver hub
[   12.628269] usbcore: registered new device driver usb
[   12.629970] PCI: Using ACPI for IRQ routing
[   12.700646] NetLabel: Initializing
[   12.762043] NetLabel:  domain hash size = 128
[   12.825363] NetLabel:  protocols = UNLABELED CIPSOv4
[   12.909767] NetLabel:  unlabeled traffic allowed by default
[   12.922557] amd_nb: Cannot enumerate AMD northbridges
[   13.006701] clocksource: Switched to clocksource kvm-clock
[   13.115723] AppArmor: AppArmor Filesystem Enabled
[   13.239826] pnp: PnP ACPI init
[   13.324876] pnp: PnP ACPI: found 3 devices
[   13.406823] clocksource: acpi_pm: mask: 0xffffff max_cycles: 0xffffff, max_idle_ns: 2085701024 ns
[   13.581200] NET: Registered protocol family 2
[   13.664051] TCP established hash table entries: 8192 (order: 4, 65536 bytes)
[   13.798893] TCP bind hash table entries: 8192 (order: 5, 131072 bytes)
[   13.908302] TCP: Hash tables configured (established 8192 bind 8192)
[   13.989842] UDP hash table entries: 512 (order: 2, 16384 bytes)
[   14.102250] UDP-Lite hash table entries: 512 (order: 2, 16384 bytes)
[   14.176947] NET: Registered protocol family 1
[   14.279079] pci 0000:00:00.0: Limiting direct PCI/PCI transfers
[   14.383487] pci 0000:00:01.0: Activating ISA DMA hang workarounds
[   14.384805] Unpacking initramfs...
[   14.684041] Freeing initrd memory: 14804K
[   14.709755] platform rtc_cmos: registered platform RTC device (no PNP device found)
[   14.740368] Scanning for low memory corruption every 60 seconds
[   14.769667] audit: initializing netlink subsys (disabled)
[   14.979344] audit: type=2000 audit(1544567920.707:1): initialized
[   14.999439] Initialise system trusted keyring
[   15.243357] HugeTLB registered 2 MB page size, pre-allocated 0 pages
[   15.262246] zbud: loaded
[   15.289482] VFS: Disk quotas dquot_6.6.0
[   15.292654] VFS: Dquot-cache hash table entries: 512 (order 0, 4096 bytes)
[   15.294162] squashfs: version 4.0 (2009/01/31) Phillip Lougher
[   15.299891] fuse init (API version 7.23)
[   15.306557] Key type big_key registered
[   15.309348] Allocating IMA MOK and blacklist keyrings.
[   15.339925] Key type asymmetric registered
[   15.469188] Asymmetric key parser 'x509' registered
[   15.529219] Block layer SCSI generic (bsg) driver version 0.4 loaded (major 249)
[   15.532067] io scheduler noop registered
[   15.649144] io scheduler deadline registered (default)
[   15.650209] io scheduler cfq registered
[   15.659332] pci_hotplug: PCI Hot Plug PCI Core version: 0.5
[   15.689512] pciehp: PCI Express Hot Plug Controller Driver version: 0.4
[   15.708977] tsc: Refined TSC clocksource calibration: 2400.674 MHz
[   15.713695] clocksource: tsc: mask: 0xffffffffffffffff max_cycles: 0x229ab450f48, max_idle_ns: 440795309388 ns
[   15.713910] ACPI: AC Adapter [AC] (off-line)
[   15.713965] input: Power Button as /devices/LNXSYSTM:00/LNXPWRBN:00/input/input0
[   15.713967] ACPI: Power Button [PWRF]
[   15.714026] input: Sleep Button as /devices/LNXSYSTM:00/LNXSLPBN:00/input/input1
[   15.714027] ACPI: Sleep Button [SLPF]
[   15.714196] GHES: HEST is not enabled!
[   15.880269] ACPI: Battery Slot [BAT0] (battery present)
[   15.880357] Serial: 8250/16550 driver, 32 ports, IRQ sharing enabled
[   16.130157] 00:02: ttyS0 at I/O 0x3f8 (irq = 4, base_baud = 115200) is a 16550A
[   16.150305] Linux agpgart interface v0.103
[   16.153301] loop: module loaded
[   16.153905] scsi host0: ata_piix
[   16.153962] scsi host1: ata_piix
[   16.153992] ata1: PATA max UDMA/33 cmd 0x1f0 ctl 0x3f6 bmdma 0xd000 irq 14
[   16.153994] ata2: PATA max UDMA/33 cmd 0x170 ctl 0x376 bmdma 0xd008 irq 15
[   16.154081] libphy: Fixed MDIO Bus: probed
[   16.154084] tun: Universal TUN/TAP device driver, 1.6
[   16.154084] tun: (C) 1999-2004 Max Krasnyansky <maxk@qualcomm.com>
[   16.154369] PPP generic driver version 2.4.2
[   16.154425] ehci_hcd: USB 2.0 'Enhanced' Host Controller (EHCI) Driver
[   16.154429] ehci-pci: EHCI PCI platform driver
[   16.154445] ehci-platform: EHCI generic platform driver
[   16.154453] ohci_hcd: USB 1.1 'Open' Host Controller (OHCI) Driver
[   16.154457] ohci-pci: OHCI PCI platform driver
[   16.154465] ohci-platform: OHCI generic platform driver
[   16.154472] uhci_hcd: USB Universal Host Controller Interface driver
[   16.154527] i8042: PNP: PS/2 Controller [PNP0303:PS2K,PNP0f03:PS2M] at 0x60,0x64 irq 1,12
[   16.155013] serio: i8042 KBD port at 0x60,0x64 irq 1
[   16.155017] serio: i8042 AUX port at 0x60,0x64 irq 12
[   16.155140] mousedev: PS/2 mouse device common for all mice
[   16.155488] input: AT Translated Set 2 keyboard as /devices/platform/i8042/serio0/input/input2
[   16.155830] rtc_cmos rtc_cmos: rtc core: registered rtc_cmos as rtc0
[   16.155901] rtc_cmos rtc_cmos: alarms up to one day, 114 bytes nvram
[   16.155908] i2c /dev entries driver
[   16.155962] device-mapper: uevent: version 1.0.3
[   16.156029] device-mapper: ioctl: 4.34.0-ioctl (2015-10-28) initialised: dm-devel@redhat.com
[   16.156055] ledtrig-cpu: registered to indicate activity on CPUs
[   16.156631] NET: Registered protocol family 10
[   16.156772] NET: Registered protocol family 17
[   16.156783] Key type dns_resolver registered
[   16.157027] registered taskstats version 1
[   16.157040] Loading compiled-in X.509 certificates
[   16.157666] Loaded X.509 cert 'Build time autogenerated kernel key: 2b5438463a545abf193c13ead155e0657f6c69dd'
[   16.157687] zswap: loaded using pool lzo/zbud
[   16.159150] Key type trusted registered
[   16.161545] Key type encrypted registered
[   16.161551] AppArmor: AppArmor sha1 policy hashing enabled
[   16.161554] ima: No TPM chip found, activating TPM-bypass!
[   16.161560] ima: Allocated hash algorithm: sha1
[   16.161572] evm: HMAC attrs: 0x1
[   16.161831]   Magic number: 14:778:653
[   16.163166] rtc_cmos rtc_cmos: setting system clock to 2018-12-11 22:38:49 UTC (1544567929)
[   16.163257] BIOS EDD facility v0.16 2004-Jun-25, 0 devices found
[   16.163257] EDD information not available.
[   19.139147] Freeing unused kernel memory: 1528K
[   19.194648] Write protecting the kernel read-only data: 14336k
[   19.239171] Freeing unused kernel memory: 1664K
[   19.288829] Freeing unused kernel memory: 88K
Loading, please wait...
starting version[   19.363455] random: systemd-udevd: uninitialized urandom read (16 bytes read, 7 bits of entropy available)
 229
[   19.364160] random: udevadm: uninitialized urandom read (16 bytes read, 7 bits of entropy available)
[   19.364180] random: udevadm: uninitialized urandom read (16 bytes read, 7 bits of entropy available)
[   19.372448] random: udevadm: uninitialized urandom read (16 bytes read, 7 bits of entropy available)
[   19.372520] random: udevadm: uninitialized urandom read (16 bytes read, 7 bits of entropy available)
[   19.372677] random: udevadm: uninitialized urandom read (16 bytes read, 7 bits of entropy available)
[   19.372724] random: udevadm: uninitialized urandom read (16 bytes read, 7 bits of entropy available)
[   19.372770] random: udevadm: uninitialized urandom read (16 bytes read, 7 bits of entropy available)
[   19.372818] random: udevadm: uninitialized urandom read (16 bytes read, 7 bits of entropy available)
[   19.372862] random: udevadm: uninitialized urandom read (16 bytes read, 7 bits of entropy available)
[   20.436678] Fusion MPT base driver 3.04.20
[   20.455022] Copyright (c) 1999-2008 LSI Corporation
[   20.467557] e1000: Intel(R) PRO/1000 Network Driver - version 7.3.21-k8-NAPI
[   20.581227] e1000: Copyright (c) 1999-2006 Intel Corporation.
[   20.812434] Fusion MPT SPI Host driver 3.04.20
[   20.888453] AVX version of gcm_enc/dec engaged.
[   20.951526] AES CTR mode by8 optimization enabled
[   21.013710] input: ImExPS/2 Generic Explorer Mouse as /devices/platform/i8042/serio1/input/input4
[   21.251058] e1000 0000:00:03.0 eth0: (PCI:33MHz:32-bit) 02:b4:5c:5b:e6:80
[   21.268002] e1000 0000:00:03.0 eth0: Intel(R) PRO/1000 Network Connection
[   21.527566] mptbase: ioc0: Initiating bringup
[   21.708187] e1000 0000:00:03.0 enp0s3: renamed from eth0
[   21.770983] ioc0: LSI53C1030 A0: Capabilities={Initiator}
[   22.141333] scsi host2: ioc0: LSI53C1030 A0, FwRev=00000000h, Ports=1, MaxQ=256, IRQ=20
[   22.392941] scsi 2:0:0:0: Direct-Access     VBOX     HARDDISK         1.0  PQ: 0 ANSI: 5
[   22.528054] scsi target2:0:0: Beginning Domain Validation
[   22.654732] scsi target2:0:0: Domain Validation skipping write tests
[   22.708652] scsi target2:0:0: Ending Domain Validation
[   22.826180] scsi target2:0:0: asynchronous
[   22.900758] scsi 2:0:1:0: Direct-Access     VBOX     HARDDISK         1.0  PQ: 0 ANSI: 5
[   22.974990] scsi target2:0:1: Beginning Domain Validation
[   23.101065] scsi target2:0:1: Domain Validation skipping write tests
[   23.140247] scsi target2:0:1: Ending Domain Validation
[   23.245101] scsi target2:0:1: asynchronous
[   23.329823] sd 2:0:0:0: Attached scsi generic sg0 type 0
[   23.404306] sd 2:0:0:0: [sda] 20971520 512-byte logical blocks: (10.7 GB/10.0 GiB)
[   23.438818] sd 2:0:1:0: [sdb] 20480 512-byte logical blocks: (10.5 MB/10.0 MiB)
[   23.438969] sd 2:0:0:0: [sda] Write Protect is off
[   23.439071] sd 2:0:0:0: [sda] Incomplete mode parameter data
[   23.439073] sd 2:0:0:0: [sda] Assuming drive cache: write through
[   23.439907]  sda: sda1
[   23.440439] sd 2:0:0:0: [sda] Attached SCSI disk
[   23.479098] sd 2:0:1:0: Attached scsi generic sg1 type 0
[   23.616331] sd 2:0:1:0: [sdb] Write Protect is off
[   23.676550] sd 2:0:1:0: [sdb] Incomplete mode parameter data
[   23.743710] sd 2:0:1:0: [sdb] Assuming drive cache: write through
[   23.755335] sd 2:0:1:0: [sdb] Attached SCSI disk
Begin: Loading e[   25.168829] md: linear personality registered for level -1
ssential drivers ... [   25.368868] md: multipath personality registered for level -4
[   25.470347] md: raid0 personality registered for level 0
[   25.575756] md: raid1 personality registered for level 1
[   25.684908] raid6: sse2x1   gen()  8415 MB/s
[   25.884829] raid6: sse2x1   xor()  4912 MB/s
[   25.984838] raid6: sse2x2   gen()  9023 MB/s
[   26.074760] raid6: sse2x2   xor()  6652 MB/s
[   26.204675] raid6: sse2x4   gen() 10848 MB/s
[   26.487501] raid6: sse2x4   xor()  6256 MB/s
[   26.745057] raid6: using algorithm sse2x4 gen() 10848 MB/s
[   26.746129] raid6: .... xor() 6256 MB/s, rmw enabled
[   26.754216] raid6: using ssse3x2 recovery algorithm
[   26.776200] xor: automatically using best checksumming function:
[   27.111132]    avx       : 46206.000 MB/sec
[   27.214203] async_tx: api initialized (async)
[   27.273828] md: raid6 personality registered for level 6
[   27.280210] md: raid5 personality registered for level 5
[   27.379661] md: raid4 personality registered for level 4
[   27.451142] md: raid10 personality registered for level 10
done.
Begin: Running /scripts/i[   27.774004] Btrfs loaded
nit-premount ... done.
Begin: Mounting root file system ... Begin: Running /scripts/local-top ... done.
Begin: Running /scripts/local-premount ... Scanning for Btrfs filesystems
done.
Warning: fsck no[   27.904668] EXT4-fs (sda1): mounted filesystem with ordered data mode. Opts: (null)
t present, so skipping root file system
done.
Begin: Running /scripts/local-bottom ... done.
Begin: Running /scripts/init-bottom ... done.
[   28.108880] systemd[1]: systemd 229 running in system mode. (+PAM +AUDIT +SELINUX +IMA +APPARMOR +SMACK +SYSVINIT +UTMP +LIBCRYPTSETUP +GCRYPT +GNUTLS +ACL +XZ -LZ4 +SECCOMP +BLKID +ELFUTILS +KMOD -IDN)
[   28.130060] systemd[1]: Detected virtualization oracle.
[   28.132266] systemd[1]: Detected architecture x86-64.

Welcome to [1mUbuntu 16.04.5 LTS[0m!

[   28.147528] systemd[1]: Set hostname to <ubuntu>.
[   28.167276] systemd[1]: Initializing machine ID from random generator.
[   28.654517] systemd[1]: Installed transient /etc/machine-id file.
[   28.864800] systemd[1]: Reached target Swap.
[[0;32m  OK  [0m] Reached target Swap.
[   29.075073] systemd[1]: Listening on /dev/initctl Compatibility Named Pipe.
[[0;32m  OK  [0m] Listening on /dev/initctl Compatibility Named Pipe.
[   29.287122] systemd[1]: Listening on Syslog Socket.
[[0;32m  OK  [0m] Listening on Syslog Socket.
[   29.331163] systemd[1]: Created slice User and Session Slice.
[[0;32m  OK  [0m] Created slice User and Session Slice.
[   29.415046] systemd[1]: Listening on Device-mapper event daemon FIFOs.
[[0;32m  OK  [0m] Listening on Device-mapper event daemon FIFOs.
[   29.431049] systemd[1]: Set up automount Arbitrary Executable File Formats File System Automount Point.
[[0;32m  OK  [0m] Set up automount Arbitrary Executab...ats File System Automount Point.
[   29.670945] systemd[1]: Listening on udev Kernel Socket.
[[0;32m  OK  [0m] Listening on udev Kernel Socket.
[   29.737274] systemd[1]: Reached target System Time Synchronized.
[[0;32m  OK  [0m] Reached target System Time Synchronized.
[   29.923308] systemd[1]: Created slice System Slice.
[[0;32m  OK  [0m] Created slice System Slice.
[   29.976139] systemd[1]: Listening on udev Control Socket.
[[0;32m  OK  [0m] Listening on udev Control Socket.
[   30.019348] systemd[1]: Listening on Journal Audit Socket.
[[0;32m  OK  [0m] Listening on Journal Audit Socket.
[   30.271152] systemd[1]: Reached target User and Group Name Lookups.
[[0;32m  OK  [0m] Reached target User and Group Name Lookups.
[   30.377936] systemd[1]: Created slice system-serial\x2dgetty.slice.
[[0;32m  OK  [0m] Created slice system-serial\x2dgetty.slice.
[   30.395495] systemd[1]: Listening on LVM2 poll daemon socket.
[[0;32m  OK  [0m] Listening on LVM2 poll daemon socket.
[   30.587470] systemd[1]: Started Forward Password Requests to Wall Directory Watch.
[[0;32m  OK  [0m] Started Forward Password Requests to Wall Directory Watch.
[   30.631148] systemd[1]: Listening on Journal Socket (/dev/log).
[[0;32m  OK  [0m] Listening on Journal Socket (/dev/log).
[   30.894980] systemd[1]: Started Trigger resolvconf update for networkd DNS.
[[0;32m  OK  [0m] Started Trigger resolvconf update for networkd DNS.
[   30.970986] systemd[1]: Reached target Encrypted Volumes.
[[0;32m  OK  [0m] Reached target Encrypted Volumes.
[   31.087010] systemd[1]: Reached target Slices.
[[0;32m  OK  [0m] Reached target Slices.
[   31.263024] systemd[1]: Listening on Journal Socket.
[[0;32m  OK  [0m] Listening on Journal Socket.
[   31.563182] systemd[1]: Starting Set console keymap...
[   31.564862] random: nonblocking pool is initialized
         Starting Set console keymap...
[   31.782918] systemd[1]: Starting Load Kernel Modules...
[   31.794771] Loading iSCSI transport class v2.0-870.
         Starting Load Kernel Modules...
[   31.890720] systemd[1]: Starting Uncomplicated firewall...
         Startin[   31.915596] iscsi: registered transport (tcp)
g Uncomplicated firewall...
[   31.943059] systemd[1]: Starting Journal Service...
         Starting Journal Service...
[   31.968407] systemd[1]: Mounting Huge Pages File System...
         Mounting Huge Pages File System...
[   32.015725] systemd[1]: Starting Create list of required static device nodes for the current kernel...
[   32.047489] iscsi: registered transport (iser)
         Starting Create list of required st... nodes for the current kernel...
[   32.174978] systemd[1]: Mounting POSIX Message Queue File System...
         Mounting POSIX Message Queue File System...
[   32.239777] systemd[1]: Starting Remount Root and Kernel File Systems...
[   32.254459] EXT4-fs (sda1): re-mounted. Opts: (null)
         Starting Remount Root and Kernel File Systems...
[   32.622899] systemd[1]: Starting Nameserver information manager...
         Starting Nameserver information manager...
[   32.919062] systemd[1]: Listening on LVM2 metadata daemon socket.
[[0;32m  OK  [0m] Listening on LVM2 metadata daemon socket.
[   33.015051] systemd[1]: Starting Monitoring of LVM2 mirrors, snapshots etc. using dmeventd or progress polling...
         Starting Monitoring of LVM2 mirrors... dmeventd or progress polling...
[   33.187284] systemd[1]: Mounting Debug File System...
         Mounting Debug File System...
[   33.261365] systemd[1]: Mounted Debug File System.
[[0;32m  OK  [0m] Mounted Debug File System.
[   33.535576] systemd[1]: Mounted POSIX Message Queue File System.
[[0;32m  OK  [0m] Mounted POSIX Message Queue File System.
[   33.603073] systemd[1]: Mounted Huge Pages File System.
[[0;32m  OK  [0m] Mounted Huge Pages File System.
[   33.626174] systemd[1]: Started Journal Service.
[[0;32m  OK  [0m] Started Journal Service.
[[0;32m  OK  [0m] Started Set console keymap.
[[0;32m  OK  [0m] Started Load Kernel Modules.
[[0;32m  OK  [0m] Started Uncomplicated firewall.
[[0;32m  OK  [0m] Started Create list of required sta...ce nodes for the current kernel.
[[0;32m  OK  [0m] Started Remount Root and Kernel File Systems.
[[0;32m  OK  [0m] Started Nameserver information manager.
[[0;32m  OK  [0m] Started LVM2 metadata daemon.
         Starting Load/Save Random Seed...
         Starting udev Coldplug all Devices...
         Starting Create Static Device Nodes in /dev...
         Starting Apply Kernel Variables...
         Mounting FUSE Control File System...
         Starting Flush Journal to Persistent Storage...
[[0;32m  OK  [0m] Mounted FUSE Control File System.
[[0;32m  OK  [0m] Started Load/Save Random Seed.
[[0;32m  OK  [0m] Started Create Static Device Nodes in /dev.
[[0;32m  OK  [0m] Started Monitoring of LVM2 mirrors,...ng dmeventd or progress polling.
[[0;32m  OK  [0m] Started Apply Kernel Variables.
[[0;32m  OK  [0m] Started udev Coldplug all Devices.
[[0;32m  OK  [0m] Started Flush Journal to Persistent Storage.
         Starting udev Kernel Device Manager...
[[0;32m  OK  [0m] Reached target Local File Systems (Pre).
[[0;32m  OK  [0m] Reached target Local File Systems.
         Starting Initial cloud-init job (pre-networking)...
         Starting Set console font and keymap...
         Starting Tell Plymouth To Write Out Runtime Data...
         Starting LSB: AppArmor initialization...
         Starting Commit a transient machine-id on disk...
         Starting Create Volatile Files and Directories...
[[0;32m  OK  [0m] Started udev Kernel Device Manager.
[[0;32m  OK  [0m] Started Tell Plymouth To Write Out Runtime Data.
[   23.708652] cloud-init[527]: Cloud-init v. 18.4-0ubuntu1~16.04.2 running 'init-local' at Tue, 11 Dec 2018 22:39:09 +0000. Up 23.41 seconds.
[[0;32m  OK  [0m] Started Set console font and keymap.
[[0;32m  OK  [0m] Started Commit a transient machine-id on disk.
[[0;32m  OK  [0m] Started Create Volatile Files and Directories.
[[0;32m  OK  [0m] Started Initial cloud-init job (pre-networking).
[[0;32m  OK  [0m] Found device /dev/ttyS0.
[[0;32m  OK  [0m] Listening on Load/Save RF Kill Switch Status /dev/rfkill Watch.
[[0;32m  OK  [0m] Reached target Network (Pre).
         Starting Update UTMP about System Boot/Shutdown...
[[0;32m  OK  [0m] Created slice system-getty.slice.
[[0;32m  OK  [0m] Started Dispatch Password Requests to Console Directory Watch.
[[0;32m  OK  [0m] Started Update UTMP about System Boot/Shutdown.
[[0;32m  OK  [0m] Started LSB: AppArmor initialization.
         Starting Raise network interfaces...
[[0;32m  OK  [0m] Started Raise network interfaces.
[[0;32m  OK  [0m] Reached target Network.
         Starting Initial cloud-init job (metadata service crawler)...
[   25.992871] cloud-init[928]: Cloud-init v. 18.4-0ubuntu1~16.04.2 running 'init' at Tue, 11 Dec 2018 22:39:11 +0000. Up 25.42 seconds.
[   26.076474] cloud-init[928]: ci-info: ++++++++++++++++++++++++++++++++++++++Net device info++++++++++++++++++++++++++++++++++++++
[   26.076704] cloud-init[928]: ci-info: +--------+------+----------------------------+---------------+--------+-------------------+
[[0;32m  OK  [0m] Started Initial cloud-init job (metadata service crawler).
[   26.076818] cloud-init[928]: ci-info: | Device |  Up  |          Address           |      Mask     | Scope  |     Hw-Address    |
[   26.408978] cloud-init[928]: ci-info: +--------+------+----------------------------+---------------+--------+-------------------+
[   26.410244] cloud-init[928]: ci-info: | enp0s3 | True |         10.0.2.15          | 255.255.255.0 | global | 02:b4:5c:5b:e6:80 |
[[0;32m  OK  [0m] Reached target System Initialization.
[[   26.410771] cloud-init[928]: ci-info: | enp0s3 | True | fe80::b4:5cff:fe5b:e680/64 |       .       |  link  | 02:b4:5c:5b:e6:80 |
[   26.654835] cloud-init[928]: ci-info: |   lo   | True |         127.0.0.1          |   255.0.0.0   |  host  |         .         |
[0;32m  OK  [0m] Started Daily Cleanup of Temporary Directories.
[   26.655589] cloud-init[928]: ci-info: |   lo   | True |          ::1/128           |       .       |  host  |         .         |
[   26.965281] cloud-init[928]: ci-info: +--------+------+----------------------------+---------------+--------+-------------------+
[[0;32m  OK  [0m] Started ACPI Events Check.
[[   26.967143] cloud-init[928]: ci-info: +++++++++++++++++++++++++++Route IPv4 info++++++++++++++++++++++++++++
[   27.104940] cloud-init[928]: ci-info: +-------+-------------+----------+---------------+-----------+-------+
[0;32m  OK  [0m] Reached target Paths.
[   27.105039] cloud-init[928]: ci-info: | Route | Destination | Gateway  |    Genmask    | Interface | Flags |
[   27.266835] cloud-init[928]: ci-info: +-------+-------------+----------+---------------+-----------+-------+
[[0;32m  OK  [0m] Listening on D-Bus System Message Bus Socket.
[[   27.267323] cloud-init[928]: ci-info: |   0   |   0.0.0.0   | 10.0.2.2 |    0.0.0.0    |   enp0s3  |   UG  |
[   27.366904] cloud-init[928]: ci-info: |   1   |   10.0.2.0  | 0.0.0.0  | 255.255.255.0 |   enp0s3  |   U   |
[0;32m  OK  [0m] Listening on UUID daemon activation socket.
         Starting Socket activation for snappy daemon.
[   27.366985] cloud-init[928]: ci-info: +-------+-------------+----------+---------------+-----------+-------+
[   27.672873] cloud-init[928]: ci-info: +++++++++++++++++++Route IPv6 info+++++++++++++++++++
[[0;32m  OK  [0m] Started Daily apt download activities.
[   27.674104] cloud-init[928]: ci-info: +-------+-------------+---------+-----------+-------+
[   27.869051] cloud-init[928]: ci-info: | Route | Destination | Gateway | Interface | Flags |
[   27.870276] cloud-init[928]: ci-info: +-------+-------------+---------+-----------+-------+
[[0;32m  OK  [0m] Started Daily apt upgrade and clean activities.
[   27.870902] cloud-init[928]: ci-info: |   0   |  fe80::/64  |    ::   |   enp0s3  |   U   |
[[0;32m  OK  [0m] Reached target Timers.
[   28.039456] cloud-init[928]: ci-info: |   3   |   ff00::/8  |    ::   |   enp0s3  |   U   |
[   28.229411] cloud-init[928]: ci-info: +-------+-------------+---------+-----------+-------+
[   28.231309] cloud-init[928]: Generating public/private rsa key pair.
         Starting LXD - unix socket.
[[   28.231850] cloud-init[928]: Your identification has been saved in /etc/ssh/ssh_host_rsa_key.
[   28.382962] cloud-init[928]: Your public key has been saved in /etc/ssh/ssh_host_rsa_key.pub.
[0;32m  OK  [0m] Listening on ACPID Listen Socket.
[[0;32m  OK  [0m] Reached target Cloud-config availability.
[   28.383382] cloud-init[928]: The key fingerprint is:
[   28.636910] cloud-init[928]: SHA256:LmMTHY66ln4X/d4sCC+hds4y0PUGbuOpkRFd0PN+2VM root@ubuntu-xenial
[   28.637961] cloud-init[928]: The key's randomart image is:
[[0;32m  OK  [0m] Reached target Network is Online.
[   28.638461] cloud-init[928]: +---[RSA 2048]----+
[   28.877725] cloud-init[928]: |        .o.      |
         [   28.924770] cloud-init[928]: |       . .o      |
[   28.925043] cloud-init[928]: |      . o  o     |
[   28.925237] cloud-init[928]: |       =o.  .   E|
[   28.925562] cloud-init[928]: |     .+oS+ .   o.|
[   28.925760] cloud-init[928]: |    ...=B + . o..|
[   28.925925] cloud-init[928]: |    .oB+.O o .  .|
[   28.926077] cloud-init[928]: |    oo*** o oo   |
[   28.926272] cloud-init[928]: |   ooo.Bo. ...o  |
[   28.926476] cloud-init[928]: +----[SHA256]-----+
[   28.926698] cloud-init[928]: Generating public/private dsa key pair.
[   28.926863] cloud-init[928]: Your identification has been saved in /etc/ssh/ssh_host_dsa_key.
[   28.927015] cloud-init[928]: Your public key has been saved in /etc/ssh/ssh_host_dsa_key.pub.
[   28.927169] cloud-init[928]: The key fingerprint is:
[   28.927322] cloud-init[928]: SHA256:iUwGZaXi/Bs+tDBiyobKguMoQVCmNkxwv3PBrfiStTw root@ubuntu-xenial
[   28.927488] cloud-init[928]: The key's randomart image is:Starting iSCSI initiator daemon (iscsid)...
[[0;32m  OK  [0m] Listening on Socket activation for snappy daemon.
[[0;32m  OK  [0m] Listening on LXD - unix socket.

[[0;32m  OK  [0m] Started iSCSI initiator daemon (iscsid).
[   29.764716] cloud-init[928]: +---[DSA 1024]----+
[   29.881223] cloud-init[928]: |oo+ ..o..        |
         Starting Login to default iSCSI targets...
[[0;32m  OK  [0m] Reached target Sockets.
[[0;32m  OK  [0m] Reached target Basic System.
[   29.938783] cloud-init[928]: |++ . + o         |
[   30.138600] cloud-init[928]: |o+  o * .        |
[   30.139869] cloud-init[928]: |...o B + .       |
         Starting LXD - container startup/shutdown...
[   30.140834] cloud-init[928]: |.   * * S        |
         [   30.272599] cloud-init[928]: |. o oO..         |
[   30.273211] cloud-init[928]: |++ .o+E.         |
[   30.273413] cloud-init[928]: |Xo   oo+         |
[   30.273604] cloud-init[928]: |O+    o.         |
[   30.273827] cloud-init[928]: +----[SHA256]-----+
[   30.274009] cloud-init[928]: Generating public/private ecdsa key pair.
[   30.274198] cloud-init[928]: Your identification has been saved in /etc/ssh/ssh_host_ecdsa_key.
[   30.274553] cloud-init[928]: Your public key has been saved in /etc/ssh/ssh_host_ecdsa_key.pub.
[   30.275674] cloud-init[928]: The key fingerprint is:
[   30.275900] cloud-init[928]: SHA256:ngkO2wU+/kJO067ukzElt8HIpF9htfPoALOLKrK4wYQ root@ubuntu-xenial
Starting Accounts Service...
[[0;32m  OK  [0m] Started Unattended Upgrades Shutdown.
[   30.276528] cloud-init[928]: The key's randomart image is:
[   30.934304] cloud-init[928]: +---[ECDSA 256]---+
[   30.981194] cloud-init[928]: |         ..      |
         Starting Virtualbox guest utils...
[   30.983030] cloud-init[928]: |      . o  .     |
[   31.128413] cloud-init[928]: |     +++ .o      |
[   31.128789] cloud-init[928]: |.   ..+=*  +     |
[[0;32m  OK  [0m] Started Regular background program processing daemon.
[   31.129236] cloud-init[928]: |E.  ..=*So. .    |
[   31.232292] cloud-init[928]: |o    BB*o=       |
[   31.232577] cloud-init[928]: |..  o+=*+ .      |
[[0;32m  OK  [0m] Started FUSE filesystem for LXC.
[   31.232706] cloud-init[928]: |+. .  =..        |
[   31.276422] cloud-init[928]: |=+.  o++.        |
[   31.276701] cloud-init[928]: +----[SHA256]-----+
         Starting LSB: Record successful boot for GRUB...
[   31.276855] cloud-init[928]: Generating public/private ed25519 key pair.
         [   31.440379] cloud-init[928]: Your identification has been saved in /etc/ssh/ssh_host_ed25519_key.
[   31.441369] cloud-init[928]: Your public key has been saved in /etc/ssh/ssh_host_ed25519_key.pub.
[   31.442933] cloud-init[928]: The key fingerprint is:
[   31.446460] cloud-init[928]: SHA256:cCRcSAb5gR3XCrH89mJKauAvN8LNqo7y2BY4XDkb1Lc root@ubuntu-xenial
[   31.447699] cloud-init[928]: The key's randomart image is:
Starting Snappy daemon...
[   31.452108] cloud-init[928]: +--[ED25519 256]--+
         Starting Pollinate to seed the pseudo random number generator...
[   31.637464] cloud-init[928]: |    oB*=+.       |
[   31.720378] [cloud-init[0;32m  OK  [0m[928]: ] |   .o+**  .      |Started Deferred execution scheduler.

[   31.812444] cloud-init[928]: |  . ..=oo.       |
[   31.853673] [[0;32m  OK  [0m] Started D-Bus System Message Bus.
cloud-init[928]: |   =  .E.        |
[   31.888945] cloud-init[928]: |... +   S        |
[   31.896096] cloud-init[928]: |o.o.   . .       |
[   31.896166] cloud-init[928]: | + =  . o .      |
[   31.896220] cloud-init[928]: |oo* *o o .       |
[   31.896630] cloud-init[928]: |*=+Bo..          |
[   31.896681] cloud-init[928]: +----[SHA256]-----+
         Starting Login Service...
         Starting LSB: MD monitoring daemon...
[[0;32m  OK  [0m] Started ACPI event daemon.
         Starting /etc/rc.local Compatibility...
         Starting System Logging Service...
[[0;32m  OK  [0m] Started Snappy daemon.
[[0;32m  OK  [0m] Started System Logging Service.
[[0;32m  OK  [0m] Started LXD - container startup/shutdown.
[[0;32m  OK  [0m] Started /etc/rc.local Compatibility.
[[0;32m  OK  [0m] Started Login to default iSCSI targets.
[[0;32m  OK  [0m] Started LSB: Record successful boot for GRUB.
[[0;32m  OK  [0m] Started LSB: MD monitoring daemon.
[[0;32m  OK  [0m] Started Virtualbox guest utils.
[[0;32m  OK  [0m] Started Login Service.
         Starting Authenticate and Authorize Users to Run Privileged Tasks...
[[0;32m  OK  [0m] Reached target Remote File Systems (Pre).
[[0;32m  OK  [0m] Reached target Remote File Systems.
         Starting LSB: automatic crash report generation...
         Starting LSB: daemon to balance interrupts for SMP systems...
         Starting LSB: Set the CPU Frequency Scaling governor to "ondemand"...
         Starting Permit User Sessions...
         Starting Wait until snapd is fully seeded...
[[0;32m  OK  [0m] Started Permit User Sessions.
[[0;32m  OK  [0m] Started Authenticate and Authorize Users to Run Privileged Tasks.
[[0;32m  OK  [0m] Started Accounts Service.
[[0;32m  OK  [0m] Started LSB: Set the CPU Frequency Scaling governor to "ondemand".
[[0;32m  OK  [0m] Started LSB: automatic crash report generation.
[[0;32m  OK  [0m] Started Pollinate to seed the pseudo random number generator.
[[0;32m  OK  [0m] Started LSB: daemon to balance interrupts for SMP systems.
         Starting OpenBSD Secure Shell server...
         Starting Terminate Plymouth Boot Screen...
         Starting Hold until boot process finishes up...
[[0;32m  OK  [0m] Started Terminate Plymouth Boot Screen.
[[0;32m  OK  [0m] Started Hold until boot process finishes up.
[[0;32m  OK  [0m] Started OpenBSD Secure Shell server.
[[0;32m  OK  [0m] Created slice User Slice of vagrant.
         Starting User Manager for UID 1000...
[[0;32m  OK  [0m] Started Session 1 of user vagrant.
[[0;32m  OK  [0m] Started Getty on tty1.
[[0;32m  OK  [0m] Started Serial Getty on ttyS0.
[[0;32m  OK  [0m] Reached target Login Prompts.
         Starting Set console scheme...
[[0;32m  OK  [0m] Started User Manager for UID 1000.
[[0;32m  OK  [0m] Started Set console scheme.
[[0;32m  OK  [0m] Started Wait until snapd is fully seeded.
[[0;32m  OK  [0m] Reached target Multi-User System.
[[0;32m  OK  [0m] Reached target Graphical Interface.
         Starting Update UTMP about System Runlevel Changes...
         Starting Apply the settings specified in cloud-config...
[[0;32m  OK  [0m] Started Update UTMP about System Runlevel Changes.
[   37.397701] cloud-init[1385]: Generating locales (this might take a while)...
[   38.170823] cloud-init[1385]:   en_US.UTF-8... done
[   38.228477] cloud-init[1385]: Generation complete.
[   38.479074] cloud-init[1385]: Cloud-init v. 18.4-0ubuntu1~16.04.2 running 'modules:config' at Tue, 11 Dec 2018 22:39:22 +0000. Up 37.29 seconds.
[[0;32m  OK  [0m] Started Apply the settings specified in cloud-config.
         Starting Execute cloud user/final scripts...
ci-info: no authorized ssh keys fingerprints found for user ubuntu.
<14>Dec 11 22:39:24 ec2: 
<14>Dec 11 22:39:24 ec2: #############################################################
<14>Dec 11 22:39:24 ec2: -----BEGIN SSH HOST KEY FINGERPRINTS-----
<14>Dec 11 22:39:24 ec2: 1024 SHA256:iUwGZaXi/Bs+tDBiyobKguMoQVCmNkxwv3PBrfiStTw root@ubuntu-xenial (DSA)
<14>Dec 11 22:39:24 ec2: 256 SHA256:ngkO2wU+/kJO067ukzElt8HIpF9htfPoALOLKrK4wYQ root@ubuntu-xenial (ECDSA)
<14>Dec 11 22:39:24 ec2: 256 SHA256:cCRcSAb5gR3XCrH89mJKauAvN8LNqo7y2BY4XDkb1Lc root@ubuntu-xenial (ED25519)
<14>Dec 11 22:39:24 ec2: 2048 SHA256:LmMTHY66ln4X/d4sCC+hds4y0PUGbuOpkRFd0PN+2VM root@ubuntu-xenial (RSA)
<14>Dec 11 22:39:24 ec2: -----END SSH HOST KEY FINGERPRINTS-----
<14>Dec 11 22:39:24 ec2: #############################################################
-----BEGIN SSH HOST KEY KEYS-----
ecdsa-sha2-nistp256 AAAAE2VjZHNhLXNoYTItbmlzdHAyNTYAAAAIbmlzdHAyNTYAAABBBLRLVJuMG59aerbjZlwVilOIVfR3iLQStf/drGNnmqzG60VNfOfil3fb+qugagdAZ/c17Wa0url/bRHoCYqR92k= root@ubuntu-xenial
ssh-ed25519 AAAAC3NzaC1lZDI1NTE5AAAAIAjC2B2X/ENC5qJE5iEZmJfHfCmmi+gJRlDHUaquMW+X root@ubuntu-xenial
ssh-rsa AAAAB3NzaC1yc2EAAAADAQABAAABAQDBG23+5pNW313PaenbRd2XzN464giaHGsmUWrEQUtgYFxpqeuceIexpJqHJxj3CDkMVrYXmuc7kjeSp1+rHWd5yVR3b0+ZU5M9jfo4Vilk6iZgSL3J56Y/8itR9xPphLCqCgYUWyYiFlQVs9uRO1GmHvsRekUXJm/92PhzaqSsc173oP+IIjwxj3itXV1OfDDphdEDGOAlMzlV7tR+VUAiCpvf7ri9eUjvXLUeZadDBQkbtMVVXU44gYmA/i3UHZVv3WBCUJlX1uAykodlI6MQvWQ0oOKOn4464WuIkdaV0nSntzQrPE3a6uDKMSfSSaW5sZsaPg4VRU+qStxLcF3H root@ubuntu-xenial
-----END SSH HOST KEY KEYS-----
[   39.171246] cloud-init[1470]: Cloud-init v. 18.4-0ubuntu1~16.04.2 running 'modules:final' at Tue, 11 Dec 2018 22:39:24 +0000. Up 38.99 seconds.
[   39.171533] cloud-init[1470]: ci-info: no authorized ssh keys fingerprints found for user ubuntu.
[   39.171729] cloud-init[1470]: Cloud-init v. 18.4-0ubuntu1~16.04.2 finished at Tue, 11 Dec 2018 22:39:24 +0000. Datasource DataSourceNoCloud [seed=/dev/sdb][dsmode=net].  Up 39.16 seconds

Ubuntu 16.04.5 LTS ubuntu-xenial ttyS0

ubuntu-xenial login: [15485.812460] INFO: rcu_sched detected stalls on CPUs/tasks:
[15485.820279] 	0-...: (0 ticks this GP) idle=19e/0/0 softirq=48666/48666 fqs=0 
[15485.831955] 	(detected by 1, t=16319 jiffies, g=25132, c=25131, q=310)
[15485.875278] rcu_sched kthread starved for 16319 jiffies! g25132 c25131 f0x0 s3 ->state=0x1
[15766.018135] INFO: rcu_sched detected stalls on CPUs/tasks:
[15766.053739] 	0-...: (0 ticks this GP) idle=3ec/0/0 softirq=48770/48770 fqs=0 
[15787.514267] 	(detected by 1, t=0 jiffies, g=25182, c=25181, q=548)
[15830.772986] INFO: rcu_sched self-detected stall on CPU[15830.774134] INFO: rcu_sched detected stalls on CPUs/tasks:[15830.774139] 	1-...: (1 GPs behind) idle=bf7/1/0 softirq=71606/71607 fqs=0 
[15830.774139] 	[15830.774174] rcu_sched kthread starved for 16196 jiffies! g25182 c25181 f0x2 s3 ->state=0x0

[15895.461578] 	1-...: (1 GPs behind) idle=bf7/1/0 softirq=71606/71607 fqs=0 
[15895.466103] 	 (t=16196 jiffies g=25182 c=25181 q=584)
[15895.476714] rcu_sched kthread starved for 16196 jiffies! g25182 c25181 f0x2 s3 ->state=0x0
[16758.824664] INFO: rcu_sched detected stalls on CPUs/tasks:
[16758.930990] 	0-...: (1 GPs behind) idle=e67/1/0 softirq=49166/49167 fqs=0 
[16780.436176] 	(detected by 0, t=0 jiffies, g=25396, c=25395, q=216)
[16845.319247] INFO: rcu_sched self-detected stall on CPU[16845.322449] INFO: rcu_sched detected stalls on CPUs/tasks:[16845.322454] 	0-...: (1 GPs behind) idle=e67/1/0 softirq=49166/49167 fqs=1 
[16845.322455] 	[16845.322513] rcu_sched kthread starved for 21635 jiffies! g25396 c25395 f0x0 s3 ->state=0x1

[16866.834704] 	0-...: (1 GPs behind) idle=e67/1/0 softirq=49166/49167 fqs=2 
[16866.852242] 	 (t=21635 jiffies g=25396 c=25395 q=406)
[17060.731382] NMI watchdog: BUG: soft lockup - CPU#0 stuck for 21s! [apport:9841]
[17816.658535] INFO: rcu_sched detected stalls on CPUs/tasks:
[17816.665831] 	1-...: (1 GPs behind) idle=1f3/1/0 softirq=72520/72521 fqs=0 
[17838.427707] 	(detected by 1, t=0 jiffies, g=25641, c=25640, q=456)
[17882.492208] INFO: rcu_sched detected stalls on CPUs/tasks:
[17903.962250] 	(detected by 0, t=21837 jiffies, g=25641, c=25640, q=366)
[17903.963440] All QSes seen, last rcu_sched kthread activity 21837 (4299366533-4299344696), jiffies_till_next_fqs=1, root ->qsmask 0x0
[17968.650015] rcu_sched kthread starved for 38017 jiffies! g25641 c25640 f0x2 s3 ->state=0x0
[18077.102865] INFO: rcu_sched detected stalls on CPUs/tasks:
[18077.110443] 	0-...: (0 ticks this GP) idle=a6e/0/0 softirq=49703/49703 fqs=0 
[18077.116625] 	(detected by 1, t=16314 jiffies, g=25655, c=25654, q=202)
[18077.208521] rcu_sched kthread starved for 16314 jiffies! g25655 c25654 f0x0 s3 ->state=0x1
[18185.129330] INFO: rcu_sched self-detected stall on CPU[18185.129531] INFO: rcu_sched detected stalls on CPUs/tasks:[18185.129536] 	1-...: (1 GPs behind) idle=86d/1/0 softirq=72579/72580 fqs=0 
[18185.129537] 	[18185.129577] rcu_sched kthread starved for 27020 jiffies! g25656 c25655 f0x2 s3 ->state=0x0

[18228.894927] 	1-...: (1 GPs behind) idle=86d/1/0 softirq=72579/72580 fqs=1 
[18250.418173] 	 (t=27020 jiffies g=25656 c=25655 q=271)
[18316.113183] NMI watchdog: BUG: soft lockup - CPU#1 stuck for 21s! [apport:9937]
[18467.598094] INFO: rcu_sched detected stalls on CPUs/tasks:
[18467.602373] 	0-...: (0 ticks this GP) idle=e2c/0/0 softirq=49851/49851 fqs=0 
[18467.609908] 	(detected by 1, t=16253 jiffies, g=25708, c=25707, q=399)
[18467.618007] rcu_sched kthread starved for 16253 jiffies! g25708 c25707 f0x0 s3 ->state=0x1
[18619.091504] INFO: rcu_sched detected stalls on CPUs/tasks:
[18619.098518] 	0-...: (0 ticks this GP) idle=0b6/0/0 softirq=49890/49890 fqs=0 
[18619.103311] 	(detected by 1, t=16245 jiffies, g=25715, c=25714, q=207)
[18769.866830] INFO: rcu_sched detected stalls on CPUs/tasks:
[18769.950498] 	1-...: (1 GPs behind) idle=14d/1/0 softirq=72795/72796 fqs=0 
[18791.675735] 	(detected by 1, t=0 jiffies, g=25731, c=25730, q=222)
[19072.586027] NMI watchdog: BUG: soft lockup - CPU#1 stuck for 40s! [vminfo:1162]
[19094.379768] INFO: rcu_sched self-detected stall on CPU[19094.404621] INFO: rcu_sched detected stalls on CPUs/tasks:[19094.404626] 	1-...: (1 GPs behind) idle=51d/140000000000001/0 softirq=72895/72895 fqs=1 
[19094.404627] 	[19094.404767] rcu_sched kthread starved for 5451 jiffies! g25780 c25779 f0x0 s3 ->state=0x1

[19203.332863] 	1-...: (1 GPs behind) idle=51d/140000000000001/0 softirq=72895/72895 fqs=2 
[19268.078807] 	 (t=16190 jiffies g=25780 c=25779 q=175)
[19311.298122] INFO: rcu_sched self-detected stall on CPU[19311.301602] INFO: rcu_sched detected stalls on CPUs/tasks:[19311.301607] 	1-...: (1 GPs behind) idle=51d/140000000000001/0 softirq=72895/72895 fqs=2 
[19311.301607] 	[19311.301809] rcu_sched kthread starved for 54257 jiffies! g25780 c25779 f0x0 s3 ->state=0x1

[19311.344032] 	1-...: (1 GPs behind) idle=51d/140000000000001/0 softirq=72895/72895 fqs=3 
[19311.352843] 	 (t=70447 jiffies g=25780 c=25779 q=187)
